db-world-frontend/android/app/build/intermediates/manifest_merge_blame_file/debug/processDebugMainManifest/manifest-merger-blame-debug-report.txt
1<?xml version="1.0" encoding="utf-8"?>
2<manifest xmlns:android="http://schemas.android.com/apk/res/android"
3    package="com.db.dbworld"
4    android:versionCode="1"
5    android:versionName="1.0" >
6
7    <uses-sdk
8        android:minSdkVersion="23"
9        android:targetSdkVersion="35" />
10
11    <!-- Permissions -->
12    <uses-permission android:name="android.permission.INTERNET" />
12-->src\main\AndroidManifest.xml:53:5-67
12-->src\main\AndroidManifest.xml:53:22-64
13    <uses-permission android:name="android.permission.WRITE_SETTINGS" />
13-->src\main\AndroidManifest.xml:54:5-56:47
13-->src\main\AndroidManifest.xml:55:9-57
14
15    <queries>
15-->[:capacitor-browser] AndroidManifest.xml:7:5-11:15
16        <intent>
16-->[:capacitor-browser] AndroidManifest.xml:8:9-10:18
17            <action android:name="android.support.customtabs.action.CustomTabsService" />
17-->[:capacitor-browser] AndroidManifest.xml:9:13-90
17-->[:capacitor-browser] AndroidManifest.xml:9:21-87
18        </intent>
19
20        <package android:name="com.google.android.gms.policy_cast_dynamite" />
20-->[com.google.android.gms:play-services-cast-framework:21.3.0] AndroidManifest.xml:15:9-79
20-->[com.google.android.gms:play-services-cast-framework:21.3.0] AndroidManifest.xml:15:18-76
21    </queries>
22
23    <uses-permission android:name="android.permission.VIBRATE" /> <!-- This permission is required to check the state of and information about the current network. -->
23-->[:capacitor-haptics] AndroidManifest.xml:7:5-66
23-->[:capacitor-haptics] AndroidManifest.xml:7:22-63
24    <uses-permission android:name="android.permission.ACCESS_NETWORK_STATE" /> <!-- This permission is required to start foreground services in Android P. -->
24-->[com.google.android.gms:play-services-cast-framework:21.3.0] AndroidManifest.xml:10:5-79
24-->[com.google.android.gms:play-services-cast-framework:21.3.0] AndroidManifest.xml:10:22-76
25    <uses-permission android:name="android.permission.FOREGROUND_SERVICE" />
25-->[com.google.android.gms:play-services-cast-framework:21.3.0] AndroidManifest.xml:12:5-77
25-->[com.google.android.gms:play-services-cast-framework:21.3.0] AndroidManifest.xml:12:22-74
26
27    <permission
27-->[androidx.core:core:1.15.0] AndroidManifest.xml:22:5-24:47
28        android:name="com.db.dbworld.DYNAMIC_RECEIVER_NOT_EXPORTED_PERMISSION"
28-->[androidx.core:core:1.15.0] AndroidManifest.xml:23:9-81
29        android:protectionLevel="signature" />
29-->[androidx.core:core:1.15.0] AndroidManifest.xml:24:9-44
30
31    <uses-permission android:name="com.db.dbworld.DYNAMIC_RECEIVER_NOT_EXPORTED_PERMISSION" />
31-->[androidx.core:core:1.15.0] AndroidManifest.xml:26:5-97
31-->[androidx.core:core:1.15.0] AndroidManifest.xml:26:22-94
32
33    <application
33-->src\main\AndroidManifest.xml:6:5-50:19
34        android:allowBackup="true"
34-->src\main\AndroidManifest.xml:7:9-35
35        android:appComponentFactory="androidx.core.app.CoreComponentFactory"
35-->[androidx.core:core:1.15.0] AndroidManifest.xml:28:18-86
36        android:debuggable="true"
37        android:extractNativeLibs="false"
38        android:icon="@mipmap/ic_launcher"
38-->src\main\AndroidManifest.xml:8:9-43
39        android:label="@string/app_name"
39-->src\main\AndroidManifest.xml:9:9-41
40        android:roundIcon="@mipmap/ic_launcher_round"
40-->src\main\AndroidManifest.xml:10:9-54
41        android:supportsRtl="true"
41-->src\main\AndroidManifest.xml:11:9-35
42        android:testOnly="true"
43        android:theme="@style/AppTheme"
43-->src\main\AndroidManifest.xml:13:9-40
44        android:usesCleartextTraffic="true" >
44-->src\main\AndroidManifest.xml:12:9-44
45        <activity
45-->src\main\AndroidManifest.xml:15:9-28:20
46            android:name="com.db.dbworld.MainActivity"
46-->src\main\AndroidManifest.xml:17:13-41
47            android:configChanges="orientation|keyboardHidden|keyboard|screenSize|locale|smallestScreenSize|screenLayout|uiMode|navigation"
47-->src\main\AndroidManifest.xml:16:13-140
48            android:exported="true"
48-->src\main\AndroidManifest.xml:21:13-36
49            android:label="@string/title_activity_main"
49-->src\main\AndroidManifest.xml:18:13-56
50            android:launchMode="singleTask"
50-->src\main\AndroidManifest.xml:20:13-44
51            android:theme="@style/AppTheme.NoActionBarLaunch" >
51-->src\main\AndroidManifest.xml:19:13-62
52            <intent-filter>
52-->src\main\AndroidManifest.xml:23:13-26:29
53                <action android:name="android.intent.action.MAIN" />
53-->src\main\AndroidManifest.xml:24:17-69
53-->src\main\AndroidManifest.xml:24:25-66
54
55                <category android:name="android.intent.category.LAUNCHER" />
55-->src\main\AndroidManifest.xml:25:17-77
55-->src\main\AndroidManifest.xml:25:27-74
56            </intent-filter>
57        </activity>
58        <activity
58-->src\main\AndroidManifest.xml:30:9-38:59
59            android:name="com.db.dbworld.player.VideoPlayerActivity"
59-->src\main\AndroidManifest.xml:31:13-69
60            android:configChanges="orientation|screenSize|keyboardHidden|smallestScreenSize|screenLayout|density"
60-->src\main\AndroidManifest.xml:32:13-114
61            android:exported="false"
61-->src\main\AndroidManifest.xml:33:13-37
62            android:launchMode="singleTop"
62-->src\main\AndroidManifest.xml:34:13-43
63            android:screenOrientation="sensor"
63-->src\main\AndroidManifest.xml:35:13-47
64            android:supportsPictureInPicture="true"
64-->src\main\AndroidManifest.xml:36:13-52
65            android:theme="@android:style/Theme.Black.NoTitleBar.Fullscreen"
65-->src\main\AndroidManifest.xml:37:13-77
66            android:windowSoftInputMode="adjustNothing" />
66-->src\main\AndroidManifest.xml:38:13-56
67
68        <provider
69            android:name="androidx.core.content.FileProvider"
69-->src\main\AndroidManifest.xml:41:13-62
70            android:authorities="com.db.dbworld.fileprovider"
70-->src\main\AndroidManifest.xml:42:13-64
71            android:exported="false"
71-->src\main\AndroidManifest.xml:43:13-37
72            android:grantUriPermissions="true" >
72-->src\main\AndroidManifest.xml:44:13-47
73            <meta-data
73-->src\main\AndroidManifest.xml:45:13-47:53
74                android:name="android.support.FILE_PROVIDER_PATHS"
74-->src\main\AndroidManifest.xml:46:17-67
75                android:resource="@xml/file_paths" />
75-->src\main\AndroidManifest.xml:47:17-51
76        </provider>
77
78        <activity
78-->[:capacitor-browser] AndroidManifest.xml:14:9-18:75
79            android:name="com.capacitorjs.plugins.browser.BrowserControllerActivity"
79-->[:capacitor-browser] AndroidManifest.xml:15:13-85
80            android:exported="false"
80-->[:capacitor-browser] AndroidManifest.xml:16:13-37
81            android:launchMode="singleTask"
81-->[:capacitor-browser] AndroidManifest.xml:17:13-44
82            android:theme="@android:style/Theme.Translucent.NoTitleBar" />
82-->[:capacitor-browser] AndroidManifest.xml:18:13-72
83
84        <receiver
84-->[com.google.android.gms:play-services-cast-framework:21.3.0] AndroidManifest.xml:19:9-21:40
85            android:name="com.google.android.gms.cast.framework.media.MediaIntentReceiver"
85-->[com.google.android.gms:play-services-cast-framework:21.3.0] AndroidManifest.xml:20:13-91
86            android:exported="false" />
86-->[com.google.android.gms:play-services-cast-framework:21.3.0] AndroidManifest.xml:21:13-37
87
88        <service
88-->[com.google.android.gms:play-services-cast-framework:21.3.0] AndroidManifest.xml:23:9-25:40
89            android:name="com.google.android.gms.cast.framework.ReconnectionService"
89-->[com.google.android.gms:play-services-cast-framework:21.3.0] AndroidManifest.xml:24:13-85
90            android:exported="false" />
90-->[com.google.android.gms:play-services-cast-framework:21.3.0] AndroidManifest.xml:25:13-37
91
92        <activity
92-->[com.google.android.gms:play-services-base:18.5.0] AndroidManifest.xml:5:9-173
93            android:name="com.google.android.gms.common.api.GoogleApiActivity"
93-->[com.google.android.gms:play-services-base:18.5.0] AndroidManifest.xml:5:19-85
94            android:exported="false"
94-->[com.google.android.gms:play-services-base:18.5.0] AndroidManifest.xml:5:146-170
95            android:theme="@android:style/Theme.Translucent.NoTitleBar" />
95-->[com.google.android.gms:play-services-base:18.5.0] AndroidManifest.xml:5:86-145
96
97        <provider
97-->[androidx.emoji2:emoji2:1.3.0] AndroidManifest.xml:24:9-32:20
98            android:name="androidx.startup.InitializationProvider"
98-->[androidx.emoji2:emoji2:1.3.0] AndroidManifest.xml:25:13-67
99            android:authorities="com.db.dbworld.androidx-startup"
99-->[androidx.emoji2:emoji2:1.3.0] AndroidManifest.xml:26:13-68
100            android:exported="false" >
100-->[androidx.emoji2:emoji2:1.3.0] AndroidManifest.xml:27:13-37
101            <meta-data
101-->[androidx.emoji2:emoji2:1.3.0] AndroidManifest.xml:29:13-31:52
102                android:name="androidx.emoji2.text.EmojiCompatInitializer"
102-->[androidx.emoji2:emoji2:1.3.0] AndroidManifest.xml:30:17-75
103                android:value="androidx.startup" />
103-->[androidx.emoji2:emoji2:1.3.0] AndroidManifest.xml:31:17-49
104            <meta-data
104-->[androidx.lifecycle:lifecycle-process:2.6.2] AndroidManifest.xml:29:13-31:52
105                android:name="androidx.lifecycle.ProcessLifecycleInitializer"
105-->[androidx.lifecycle:lifecycle-process:2.6.2] AndroidManifest.xml:30:17-78
106                android:value="androidx.startup" />
106-->[androidx.lifecycle:lifecycle-process:2.6.2] AndroidManifest.xml:31:17-49
107            <meta-data
107-->[androidx.profileinstaller:profileinstaller:1.3.1] AndroidManifest.xml:29:13-31:52
108                android:name="androidx.profileinstaller.ProfileInstallerInitializer"
108-->[androidx.profileinstaller:profileinstaller:1.3.1] AndroidManifest.xml:30:17-85
109                android:value="androidx.startup" />
109-->[androidx.profileinstaller:profileinstaller:1.3.1] AndroidManifest.xml:31:17-49
110        </provider>
111
112        <meta-data
112-->[com.google.android.gms:play-services-basement:18.4.0] AndroidManifest.xml:6:9-122
113            android:name="com.google.android.gms.version"
113-->[com.google.android.gms:play-services-basement:18.4.0] AndroidManifest.xml:6:20-65
114            android:value="@integer/google_play_services_version" />
114-->[com.google.android.gms:play-services-basement:18.4.0] AndroidManifest.xml:6:66-119
115
116        <receiver
116-->[androidx.profileinstaller:profileinstaller:1.3.1] AndroidManifest.xml:34:9-52:20
117            android:name="androidx.profileinstaller.ProfileInstallReceiver"
117-->[androidx.profileinstaller:profileinstaller:1.3.1] AndroidManifest.xml:35:13-76
118            android:directBootAware="false"
118-->[androidx.profileinstaller:profileinstaller:1.3.1] AndroidManifest.xml:36:13-44
119            android:enabled="true"
119-->[androidx.profileinstaller:profileinstaller:1.3.1] AndroidManifest.xml:37:13-35
120            android:exported="true"
120-->[androidx.profileinstaller:profileinstaller:1.3.1] AndroidManifest.xml:38:13-36
121            android:permission="android.permission.DUMP" >
121-->[androidx.profileinstaller:profileinstaller:1.3.1] AndroidManifest.xml:39:13-57
122            <intent-filter>
122-->[androidx.profileinstaller:profileinstaller:1.3.1] AndroidManifest.xml:40:13-42:29
123                <action android:name="androidx.profileinstaller.action.INSTALL_PROFILE" />
123-->[androidx.profileinstaller:profileinstaller:1.3.1] AndroidManifest.xml:41:17-91
123-->[androidx.profileinstaller:profileinstaller:1.3.1] AndroidManifest.xml:41:25-88
124            </intent-filter>
125            <intent-filter>
125-->[androidx.profileinstaller:profileinstaller:1.3.1] AndroidManifest.xml:43:13-45:29
126                <action android:name="androidx.profileinstaller.action.SKIP_FILE" />
126-->[androidx.profileinstaller:profileinstaller:1.3.1] AndroidManifest.xml:44:17-85
126-->[androidx.profileinstaller:profileinstaller:1.3.1] AndroidManifest.xml:44:25-82
127            </intent-filter>
128            <intent-filter>
128-->[androidx.profileinstaller:profileinstaller:1.3.1] AndroidManifest.xml:46:13-48:29
129                <action android:name="androidx.profileinstaller.action.SAVE_PROFILE" />
129-->[androidx.profileinstaller:profileinstaller:1.3.1] AndroidManifest.xml:47:17-88
129-->[androidx.profileinstaller:profileinstaller:1.3.1] AndroidManifest.xml:47:25-85
130            </intent-filter>
131            <intent-filter>
131-->[androidx.profileinstaller:profileinstaller:1.3.1] AndroidManifest.xml:49:13-51:29
132                <action android:name="androidx.profileinstaller.action.BENCHMARK_OPERATION" />
132-->[androidx.profileinstaller:profileinstaller:1.3.1] AndroidManifest.xml:50:17-95
132-->[androidx.profileinstaller:profileinstaller:1.3.1] AndroidManifest.xml:50:25-92
133            </intent-filter>
134        </receiver>
135
136        <service
136-->[com.google.android.datatransport:transport-backend-cct:3.1.3] AndroidManifest.xml:29:9-35:19
137            android:name="com.google.android.datatransport.runtime.backends.TransportBackendDiscovery"
137-->[com.google.android.datatransport:transport-backend-cct:3.1.3] AndroidManifest.xml:30:13-103
138            android:exported="false" >
138-->[com.google.android.datatransport:transport-backend-cct:3.1.3] AndroidManifest.xml:31:13-37
139            <meta-data
139-->[com.google.android.datatransport:transport-backend-cct:3.1.3] AndroidManifest.xml:32:13-34:39
140                android:name="backend:com.google.android.datatransport.cct.CctBackendFactory"
140-->[com.google.android.datatransport:transport-backend-cct:3.1.3] AndroidManifest.xml:33:17-94
141                android:value="cct" />
141-->[com.google.android.datatransport:transport-backend-cct:3.1.3] AndroidManifest.xml:34:17-36
142        </service>
143        <service
143-->[com.google.android.datatransport:transport-runtime:3.1.3] AndroidManifest.xml:26:9-30:19
144            android:name="com.google.android.datatransport.runtime.scheduling.jobscheduling.JobInfoSchedulerService"
144-->[com.google.android.datatransport:transport-runtime:3.1.3] AndroidManifest.xml:27:13-117
145            android:exported="false"
145-->[com.google.android.datatransport:transport-runtime:3.1.3] AndroidManifest.xml:28:13-37
146            android:permission="android.permission.BIND_JOB_SERVICE" >
146-->[com.google.android.datatransport:transport-runtime:3.1.3] AndroidManifest.xml:29:13-69
147        </service>
148
149        <receiver
149-->[com.google.android.datatransport:transport-runtime:3.1.3] AndroidManifest.xml:32:9-34:40
150            android:name="com.google.android.datatransport.runtime.scheduling.jobscheduling.AlarmManagerSchedulerBroadcastReceiver"
150-->[com.google.android.datatransport:transport-runtime:3.1.3] AndroidManifest.xml:33:13-132
151            android:exported="false" />
151-->[com.google.android.datatransport:transport-runtime:3.1.3] AndroidManifest.xml:34:13-37
152
153        <provider
153-->[com.squareup.picasso:picasso:2.71828] AndroidManifest.xml:8:9-11:40
154            android:name="com.squareup.picasso.PicassoProvider"
154-->[com.squareup.picasso:picasso:2.71828] AndroidManifest.xml:9:13-64
155            android:authorities="com.db.dbworld.com.squareup.picasso"
155-->[com.squareup.picasso:picasso:2.71828] AndroidManifest.xml:10:13-72
156            android:exported="false" />
156-->[com.squareup.picasso:picasso:2.71828] AndroidManifest.xml:11:13-37
157    </application>
158
159</manifest>